c:\users\student\desktop\マスター版4\debug\vc140.pdb
c:\users\student\desktop\マスター版4\debug\vc140.idb
c:\users\student\desktop\マスター版4\debug\pointerx.obj
c:\users\student\desktop\マスター版4\debug\textobject.obj
c:\users\student\desktop\マスター版4\debug\score.obj
c:\users\student\desktop\マスター版4\debug\sound.obj
c:\users\student\desktop\マスター版4\debug\destination.obj
c:\users\student\desktop\マスター版4\debug\gamepad.obj
c:\users\student\desktop\マスター版4\debug\input.obj
c:\users\student\desktop\マスター版4\debug\game.obj
c:\users\student\desktop\マスター版4\debug\manager.obj
c:\users\student\desktop\マスター版4\debug\result.obj
c:\users\student\desktop\マスター版4\debug\map.obj
c:\users\student\desktop\マスター版4\debug\menu.obj
c:\users\student\desktop\マスター版4\debug\meshfield.obj
c:\users\student\desktop\マスター版4\debug\model.obj
c:\users\student\desktop\マスター版4\debug\number.obj
c:\users\student\desktop\マスター版4\debug\object3d.obj
c:\users\student\desktop\マスター版4\debug\passerby.obj
c:\users\student\desktop\マスター版4\debug\player3d.obj
c:\users\student\desktop\マスター版4\debug\renderer.obj
c:\users\student\desktop\マスター版4\debug\scene.obj
c:\users\student\desktop\マスター版4\debug\scene2d.obj
c:\users\student\desktop\マスター版4\debug\scene3d.obj
c:\users\student\desktop\マスター版4\debug\scenex.obj
c:\users\student\desktop\マスター版4\debug\shadows.obj
c:\users\student\desktop\マスター版4\debug\texture.obj
c:\users\student\desktop\マスター版4\debug\title.obj
c:\users\student\desktop\マスター版4\debug\trafficlight.obj
c:\users\student\desktop\マスター版4\debug\vertex.obj
c:\users\student\desktop\マスター版4\debug\aiguide.obj
c:\users\student\desktop\マスター版4\debug\animation.obj
c:\users\student\desktop\マスター版4\debug\bg.obj
c:\users\student\desktop\マスター版4\debug\camera.obj
c:\users\student\desktop\マスター版4\debug\car.obj
c:\users\student\desktop\マスター版4\debug\city.obj
c:\users\student\desktop\マスター版4\debug\debugproc.obj
c:\users\student\desktop\マスター版4\debug\effect.obj
c:\users\student\desktop\マスター版4\debug\fade.obj
c:\users\student\desktop\マスター版4\debug\light.obj
c:\users\student\desktop\マスター版4\debug\logo.obj
c:\users\student\desktop\マスター版4\debug\main.obj
c:\users\student\desktop\マスター版4\debug\ranking.obj
c:\users\student\desktop\マスター版4\debug\win32project11.ilk
c:\users\student\desktop\マスター版4\debug\win32project11.exe
c:\users\student\desktop\マスター版4\debug\win32project11.pdb
c:\users\student\desktop\マスター版4\debug\win32project11.tlog\cl.command.1.tlog
c:\users\student\desktop\マスター版4\debug\win32project11.tlog\cl.read.1.tlog
c:\users\student\desktop\マスター版4\debug\win32project11.tlog\cl.write.1.tlog
c:\users\student\desktop\マスター版4\debug\win32project11.tlog\link.command.1.tlog
c:\users\student\desktop\マスター版4\debug\win32project11.tlog\link.read.1.tlog
c:\users\student\desktop\マスター版4\debug\win32project11.tlog\link.write.1.tlog
