c:\users\student\desktop\1.25_tame_game ver1.1\release\vc140.pdb
c:\users\student\desktop\1.25_tame_game ver1.1\release\menu.obj
c:\users\student\desktop\1.25_tame_game ver1.1\release\map.obj
c:\users\student\desktop\1.25_tame_game ver1.1\release\manager.obj
c:\users\student\desktop\1.25_tame_game ver1.1\release\main.obj
c:\users\student\desktop\1.25_tame_game ver1.1\release\logo.obj
c:\users\student\desktop\1.25_tame_game ver1.1\release\light.obj
c:\users\student\desktop\1.25_tame_game ver1.1\release\license.obj
c:\users\student\desktop\1.25_tame_game ver1.1\release\input.obj
c:\users\student\desktop\1.25_tame_game ver1.1\release\gamepad.obj
c:\users\student\desktop\1.25_tame_game ver1.1\release\game.obj
c:\users\student\desktop\1.25_tame_game ver1.1\release\fade.obj
c:\users\student\desktop\1.25_tame_game ver1.1\release\effect.obj
c:\users\student\desktop\1.25_tame_game ver1.1\release\destination.obj
c:\users\student\desktop\1.25_tame_game ver1.1\release\delivery.obj
c:\users\student\desktop\1.25_tame_game ver1.1\release\debugproc.obj
c:\users\student\desktop\1.25_tame_game ver1.1\release\city.obj
c:\users\student\desktop\1.25_tame_game ver1.1\release\car.obj
c:\users\student\desktop\1.25_tame_game ver1.1\release\camera.obj
c:\users\student\desktop\1.25_tame_game ver1.1\release\animation.obj
c:\users\student\desktop\1.25_tame_game ver1.1\release\aiguide.obj
c:\users\student\desktop\1.25_tame_game ver1.1\release\score.obj
c:\users\student\desktop\1.25_tame_game ver1.1\release\scenex.obj
c:\users\student\desktop\1.25_tame_game ver1.1\release\scene3d.obj
c:\users\student\desktop\1.25_tame_game ver1.1\release\scene2d.obj
c:\users\student\desktop\1.25_tame_game ver1.1\release\renderer.obj
c:\users\student\desktop\1.25_tame_game ver1.1\release\scene.obj
c:\users\student\desktop\1.25_tame_game ver1.1\release\player3d.obj
c:\users\student\desktop\1.25_tame_game ver1.1\release\vertex.obj
c:\users\student\desktop\1.25_tame_game ver1.1\release\tutorial.obj
c:\users\student\desktop\1.25_tame_game ver1.1\release\trafficlight.obj
c:\users\student\desktop\1.25_tame_game ver1.1\release\title.obj
c:\users\student\desktop\1.25_tame_game ver1.1\release\result.obj
c:\users\student\desktop\1.25_tame_game ver1.1\release\ranking.obj
c:\users\student\desktop\1.25_tame_game ver1.1\release\pointerx.obj
c:\users\student\desktop\1.25_tame_game ver1.1\release\pause.obj
c:\users\student\desktop\1.25_tame_game ver1.1\release\passerby.obj
c:\users\student\desktop\1.25_tame_game ver1.1\release\particle.obj
c:\users\student\desktop\1.25_tame_game ver1.1\release\number.obj
c:\users\student\desktop\1.25_tame_game ver1.1\release\model.obj
c:\users\student\desktop\1.25_tame_game ver1.1\release\meshfield.obj
c:\users\student\desktop\1.25_tame_game ver1.1\release\visualization.obj
c:\users\student\desktop\1.25_tame_game ver1.1\release\texture.obj
c:\users\student\desktop\1.25_tame_game ver1.1\release\sound.obj
c:\users\student\desktop\1.25_tame_game ver1.1\release\shadows.obj
c:\users\student\desktop\1.25_tame_game ver1.1\win32project11.exe
c:\users\student\desktop\1.25_tame_game ver1.1\win32project11.ipdb
c:\users\student\desktop\1.25_tame_game ver1.1\win32project11.iobj
c:\users\student\desktop\1.25_tame_game ver1.1\win32project11.pdb
c:\users\student\desktop\c++_accidentdeliver_team作品\開発環境\release\aiguide.obj
c:\users\student\desktop\c++_accidentdeliver_team作品\開発環境\release\animation.obj
c:\users\student\desktop\c++_accidentdeliver_team作品\開発環境\release\camera.obj
c:\users\student\desktop\c++_accidentdeliver_team作品\開発環境\release\car.obj
c:\users\student\desktop\c++_accidentdeliver_team作品\開発環境\release\city.obj
c:\users\student\desktop\c++_accidentdeliver_team作品\開発環境\release\debugproc.obj
c:\users\student\desktop\c++_accidentdeliver_team作品\開発環境\release\delivery.obj
c:\users\student\desktop\c++_accidentdeliver_team作品\開発環境\release\destination.obj
c:\users\student\desktop\c++_accidentdeliver_team作品\開発環境\release\effect.obj
c:\users\student\desktop\c++_accidentdeliver_team作品\開発環境\release\fade.obj
c:\users\student\desktop\c++_accidentdeliver_team作品\開発環境\release\game.obj
c:\users\student\desktop\c++_accidentdeliver_team作品\開発環境\release\gamepad.obj
c:\users\student\desktop\c++_accidentdeliver_team作品\開発環境\release\input.obj
c:\users\student\desktop\c++_accidentdeliver_team作品\開発環境\release\license.obj
c:\users\student\desktop\c++_accidentdeliver_team作品\開発環境\release\light.obj
c:\users\student\desktop\c++_accidentdeliver_team作品\開発環境\release\logo.obj
c:\users\student\desktop\c++_accidentdeliver_team作品\開発環境\release\main.obj
c:\users\student\desktop\c++_accidentdeliver_team作品\開発環境\release\manager.obj
c:\users\student\desktop\c++_accidentdeliver_team作品\開発環境\release\map.obj
c:\users\student\desktop\c++_accidentdeliver_team作品\開発環境\release\menu.obj
c:\users\student\desktop\c++_accidentdeliver_team作品\開発環境\release\meshfield.obj
c:\users\student\desktop\c++_accidentdeliver_team作品\開発環境\release\model.obj
c:\users\student\desktop\c++_accidentdeliver_team作品\開発環境\release\number.obj
c:\users\student\desktop\c++_accidentdeliver_team作品\開発環境\release\particle.obj
c:\users\student\desktop\c++_accidentdeliver_team作品\開発環境\release\passerby.obj
c:\users\student\desktop\c++_accidentdeliver_team作品\開発環境\release\pause.obj
c:\users\student\desktop\c++_accidentdeliver_team作品\開発環境\release\player3d.obj
c:\users\student\desktop\c++_accidentdeliver_team作品\開発環境\release\pointerx.obj
c:\users\student\desktop\c++_accidentdeliver_team作品\開発環境\release\ranking.obj
c:\users\student\desktop\c++_accidentdeliver_team作品\開発環境\release\renderer.obj
c:\users\student\desktop\c++_accidentdeliver_team作品\開発環境\release\result.obj
c:\users\student\desktop\c++_accidentdeliver_team作品\開発環境\release\scene.obj
c:\users\student\desktop\c++_accidentdeliver_team作品\開発環境\release\scene2d.obj
c:\users\student\desktop\c++_accidentdeliver_team作品\開発環境\release\scene3d.obj
c:\users\student\desktop\c++_accidentdeliver_team作品\開発環境\release\scenex.obj
c:\users\student\desktop\c++_accidentdeliver_team作品\開発環境\release\score.obj
c:\users\student\desktop\c++_accidentdeliver_team作品\開発環境\release\shadows.obj
c:\users\student\desktop\c++_accidentdeliver_team作品\開発環境\release\sound.obj
c:\users\student\desktop\c++_accidentdeliver_team作品\開発環境\release\texture.obj
c:\users\student\desktop\c++_accidentdeliver_team作品\開発環境\release\title.obj
c:\users\student\desktop\c++_accidentdeliver_team作品\開発環境\release\trafficlight.obj
c:\users\student\desktop\c++_accidentdeliver_team作品\開発環境\release\tutorial.obj
c:\users\student\desktop\c++_accidentdeliver_team作品\開発環境\release\vertex.obj
c:\users\student\desktop\c++_accidentdeliver_team作品\開発環境\release\visualization.obj
c:\users\student\desktop\c++_accidentdeliver_team作品\開発環境\release\vc140.pdb
c:\users\student\desktop\c++_accidentdeliver_team作品\開発環境\win32project11.pdb
c:\users\student\desktop\c++_accidentdeliver_team作品\開発環境\win32project11.exe
c:\users\student\desktop\c++_accidentdeliver_team作品\開発環境\release\win32project11.tlog\cl.command.1.tlog
c:\users\student\desktop\c++_accidentdeliver_team作品\開発環境\release\win32project11.tlog\cl.read.1.tlog
c:\users\student\desktop\c++_accidentdeliver_team作品\開発環境\release\win32project11.tlog\cl.write.1.tlog
c:\users\student\desktop\c++_accidentdeliver_team作品\開発環境\release\win32project11.tlog\link.command.1.tlog
c:\users\student\desktop\c++_accidentdeliver_team作品\開発環境\release\win32project11.tlog\link.read.1.tlog
c:\users\student\desktop\c++_accidentdeliver_team作品\開発環境\release\win32project11.tlog\link.write.1.tlog
