  tutorial.cpp
  title.cpp
  sound.cpp
  select.cpp
  score.cpp
  sceneX.cpp
  scene3D.cpp
  scene2D.cpp
  renderer.cpp
  scene.cpp
  result.cpp
  polygon.cpp
  player.cpp
  pause.cpp
  particle.cpp
  object3D.cpp
  number.cpp
  menu.cpp
  manager.cpp
  main.cpp
  コードを生成中...
  コンパイル中...
  logo.cpp
  light.cpp
  life.cpp
  item.cpp
  input.cpp
  gamepad.cpp
  game2.cpp
  game.cpp
  fade.cpp
  explosion.cpp
  enemy.cpp
  effect.cpp
  camera.cpp
  bullet.cpp
  bg.cpp
  animation.cpp
  コードを生成中...
scene3D.obj : error LNK2001: 外部シンボル "D3DXCreateTextureFromFileA" は未解決です。
logo.obj : error LNK2001: 外部シンボル "D3DXCreateTextureFromFileA" は未解決です。
number.obj : error LNK2001: 外部シンボル "D3DXCreateTextureFromFileA" は未解決です。
particle.obj : error LNK2001: 外部シンボル "D3DXCreateTextureFromFileA" は未解決です。
player.obj : error LNK2001: 外部シンボル "D3DXCreateTextureFromFileA" は未解決です。
enemy.obj : error LNK2001: 外部シンボル "D3DXCreateTextureFromFileA" は未解決です。
explosion.obj : error LNK2001: 外部シンボル "D3DXCreateTextureFromFileA" は未解決です。
item.obj : error LNK2001: 外部シンボル "D3DXCreateTextureFromFileA" は未解決です。
life.obj : error LNK2001: 外部シンボル "D3DXCreateTextureFromFileA" は未解決です。
animation.obj : error LNK2001: 外部シンボル "D3DXCreateTextureFromFileA" は未解決です。
bg.obj : error LNK2001: 外部シンボル "D3DXCreateTextureFromFileA" は未解決です。
bullet.obj : error LNK2001: 外部シンボル "D3DXCreateTextureFromFileA" は未解決です。
effect.obj : error LNK2001: 外部シンボル "D3DXCreateTextureFromFileA" は未解決です。
camera.obj : error LNK2019: 未解決の外部シンボル D3DXMatrixLookAtLH が関数 "public: void __cdecl CCamera::SetCamera(void)" (?SetCamera@CCamera@@QEAAXXZ) で参照されました。
renderer.obj : error LNK2001: 外部シンボル "D3DXMatrixLookAtLH" は未解決です。
camera.obj : error LNK2019: 未解決の外部シンボル D3DXMatrixPerspectiveFovLH が関数 "public: void __cdecl CCamera::SetCamera(void)" (?SetCamera@CCamera@@QEAAXXZ) で参照されました。
renderer.obj : error LNK2001: 外部シンボル "D3DXMatrixPerspectiveFovLH" は未解決です。
renderer.obj : error LNK2001: 外部シンボル "D3DXCreateFontA" は未解決です。
game.obj : error LNK2001: 外部シンボル "D3DXCreateFontA" は未解決です。
game2.obj : error LNK2001: 外部シンボル "D3DXCreateFontA" は未解決です。
manager.obj : error LNK2001: 外部シンボル "D3DXCreateFontA" は未解決です。
result.obj : error LNK2001: 外部シンボル "D3DXCreateFontA" は未解決です。
gamepad.obj : error LNK2019: 未解決の外部シンボル DirectInput8Create が関数 "public: virtual long __cdecl CGamepad::Init(struct HINSTANCE__ *,struct HWND__ *)" (?Init@CGamepad@@UEAAJPEAUHINSTANCE__@@PEAUHWND__@@@Z) で参照されました。
input.obj : error LNK2001: 外部シンボル "DirectInput8Create" は未解決です。
gamepad.obj : error LNK2001: 外部シンボル "IID_IDirectInput8A" は未解決です。
input.obj : error LNK2001: 外部シンボル "IID_IDirectInput8A" は未解決です。
gamepad.obj : error LNK2001: 外部シンボル "c_dfDIJoystick" は未解決です。
input.obj : error LNK2001: 外部シンボル "GUID_SysKeyboard" は未解決です。
input.obj : error LNK2001: 外部シンボル "c_dfDIKeyboard" は未解決です。
light.obj : error LNK2019: 未解決の外部シンボル D3DXVec3Normalize が関数 "public: long __cdecl CLight::Init(void)" (?Init@CLight@@QEAAJXZ) で参照されました。
object3D.obj : error LNK2019: 未解決の外部シンボル D3DXMatrixMultiply が関数 "public: virtual void __cdecl CObject3D::Draw(void)" (?Draw@CObject3D@@UEAAXXZ) で参照されました。
scene3D.obj : error LNK2001: 外部シンボル "D3DXMatrixMultiply" は未解決です。
sceneX.obj : error LNK2001: 外部シンボル "D3DXMatrixMultiply" は未解決です。
object3D.obj : error LNK2019: 未解決の外部シンボル D3DXMatrixTranslation が関数 "public: virtual void __cdecl CObject3D::Draw(void)" (?Draw@CObject3D@@UEAAXXZ) で参照されました。
scene3D.obj : error LNK2001: 外部シンボル "D3DXMatrixTranslation" は未解決です。
sceneX.obj : error LNK2001: 外部シンボル "D3DXMatrixTranslation" は未解決です。
object3D.obj : error LNK2019: 未解決の外部シンボル D3DXMatrixRotationYawPitchRoll が関数 "public: virtual void __cdecl CObject3D::Draw(void)" (?Draw@CObject3D@@UEAAXXZ) で参照されました。
scene3D.obj : error LNK2001: 外部シンボル "D3DXMatrixRotationYawPitchRoll" は未解決です。
sceneX.obj : error LNK2001: 外部シンボル "D3DXMatrixRotationYawPitchRoll" は未解決です。
object3D.obj : error LNK2019: 未解決の外部シンボル D3DXLoadMeshFromXA が関数 "public: virtual long __cdecl CObject3D::Init(struct D3DXVECTOR3,float,float)" (?Init@CObject3D@@UEAAJUD3DXVECTOR3@@MM@Z) で参照されました。
sceneX.obj : error LNK2001: 外部シンボル "D3DXLoadMeshFromXA" は未解決です。
renderer.obj : error LNK2019: 未解決の外部シンボル Direct3DCreate9 が関数 "public: long __cdecl CRenderer::Init(struct HWND__ *,bool)" (?Init@CRenderer@@QEAAJPEAUHWND__@@_N@Z) で参照されました。
sceneX.obj : error LNK2019: 未解決の外部シンボル D3DXGetFVFVertexSize が関数 "public: virtual long __cdecl CSceneX::Init(struct D3DXVECTOR3,float,float)" (?Init@CSceneX@@UEAAJUD3DXVECTOR3@@MM@Z) で参照されました。
C:\Program Files (x86)\Microsoft DirectX SDK (June 2010)\Lib\x86\d3d9.lib : warning LNK4272: ライブラリのコンピューターの種類 'X86' がターゲットのコンピューターの種類' x64' と競合しています
C:\Program Files (x86)\Microsoft DirectX SDK (June 2010)\Lib\x86\d3dx9.lib : warning LNK4272: ライブラリのコンピューターの種類 'X86' がターゲットのコンピューターの種類' x64' と競合しています
C:\Program Files (x86)\Microsoft DirectX SDK (June 2010)\Lib\x86\dxguid.lib : warning LNK4272: ライブラリのコンピューターの種類 'X86' がターゲットのコンピューターの種類' x64' と競合しています
C:\Program Files (x86)\Microsoft DirectX SDK (June 2010)\Lib\x86\dinput8.lib : warning LNK4272: ライブラリのコンピューターの種類 'X86' がターゲットのコンピューターの種類' x64' と競合しています
C:\Users\student\Desktop\開発環境\x64\Debug\Win32Project11.exe : fatal error LNK1120: 16 件の未解決の外部参照
